Arguments: 
  /home/ss/.nvm/versions/node/v12.18.4/bin/node /usr/share/yarn/bin/yarn.js add svelte-dynamic-iconify --dev

PATH: 
  /home/ss/.config/composer/vendor/bin:/home/ss/.nvm/versions/node/v12.18.4/bin:/home/ss/.rbenv/shims:/home/ss/.jenv/bin:/home/ss/.rbenv/bin:/home/ss/.local/bin:/home/ss/bin:/usr/local/sbin:/usr/local/bin:/usr/sbin:/usr/bin:/sbin:/bin:/usr/games:/usr/local/games:/snap/bin:/home/ss/.local/bin;/home/ss/.rbenv/versions/2.6.3/bin

Yarn version: 
  1.22.4

Node version: 
  12.18.4

Platform: 
  linux x64

Trace: 
  Error: https://registry.yarnpkg.com/svelte-dynamic-iconify: Not found
      at Request.params.callback [as _callback] (/usr/share/yarn/lib/cli.js:66987:18)
      at Request.self.callback (/usr/share/yarn/lib/cli.js:140748:22)
      at Request.emit (events.js:315:20)
      at Request.<anonymous> (/usr/share/yarn/lib/cli.js:141720:10)
      at Request.emit (events.js:315:20)
      at IncomingMessage.<anonymous> (/usr/share/yarn/lib/cli.js:141642:12)
      at Object.onceWrapper (events.js:421:28)
      at IncomingMessage.emit (events.js:327:22)
      at endReadableNT (_stream_readable.js:1220:12)
      at processTicksAndRejections (internal/process/task_queues.js:84:21)

npm manifest: 
  {
    "name": "sveltestrap-table",
    "version": "1.0.0",
    "main": "src/table.svelte",
    "description": "Server-side (get data from server) table on svelte and sveltestrap.",
    "devDependencies": {
      "svelte": "^3.0.0",
      "sveltestrap": "^3.13.0",
      "sveltestrap-paginate": "hazg/sveltestrap-paginate"
    },
    "dependencies": {}
  }

yarn manifest: 
  No manifest

Lockfile: 
  # THIS IS AN AUTOGENERATED FILE. DO NOT EDIT THIS FILE DIRECTLY.
  # yarn lockfile v1
  
  
  "@polka/url@^0.5.0":
    version "0.5.0"
    resolved "https://registry.yarnpkg.com/@polka/url/-/url-0.5.0.tgz#b21510597fd601e5d7c95008b76bf0d254ebfd31"
    integrity sha512-oZLYFEAzUKyi3SKnXvj32ZCEGH6RDnao7COuCVhDydMS9NrCSVXhM79VaKyP5+Zc33m0QXEd2DN3UkU7OsHcfw==
  
  "@popperjs/core@^2.6.0":
    version "2.6.0"
    resolved "https://registry.yarnpkg.com/@popperjs/core/-/core-2.6.0.tgz#f022195afdfc942e088ee2101285a1d31c7d727f"
    integrity sha512-cPqjjzuFWNK3BSKLm0abspP0sp/IGOli4p5I5fKFAzdS8fvjdOwDCfZqAaIiXd9lPkOWi3SUUfZof3hEb7J/uw==
  
  console-clear@^1.1.0:
    version "1.1.1"
    resolved "https://registry.yarnpkg.com/console-clear/-/console-clear-1.1.1.tgz#995e20cbfbf14dd792b672cde387bd128d674bf7"
    integrity sha512-pMD+MVR538ipqkG5JXeOEbKWS5um1H4LUUccUQG68qpeqBYbzYy79Gh55jkd2TtPdRfUaLWdv6LPP//5Zt0aPQ==
  
  get-port@^3.2.0:
    version "3.2.0"
    resolved "https://registry.yarnpkg.com/get-port/-/get-port-3.2.0.tgz#dd7ce7de187c06c8bf353796ac71e099f0980ebc"
    integrity sha1-3Xzn3hh8Bsi/NTeWrHHgmfCYDrw=
  
  kleur@^3.0.0:
    version "3.0.3"
    resolved "https://registry.yarnpkg.com/kleur/-/kleur-3.0.3.tgz#a79c9ecc86ee1ce3fa6206d1216c501f147fc07e"
    integrity sha512-eTIzlVOSUR+JxdDFepEYcBMtZ9Qqdef+rnzWdRZuMbOywu5tO2w2N7rqjoANZ5k9vywhL6Br1VRjUIgTQx4E8w==
  
  local-access@^1.0.1:
    version "1.1.0"
    resolved "https://registry.yarnpkg.com/local-access/-/local-access-1.1.0.tgz#e007c76ba2ca83d5877ba1a125fc8dfe23ba4798"
    integrity sha512-XfegD5pyTAfb+GY6chk283Ox5z8WexG56OvM06RWLpAc/UHozO8X6xAxEkIitZOtsSMM1Yr3DkHgW5W+onLhCw==
  
  lodash.isobject@^3.0.2:
    version "3.0.2"
    resolved "https://registry.yarnpkg.com/lodash.isobject/-/lodash.isobject-3.0.2.tgz#3c8fb8d5b5bf4bf90ae06e14f2a530a4ed935e1d"
    integrity sha1-PI+41bW/S/kK4G4U8qUwpO2TXh0=
  
  lodash.tonumber@^4.0.3:
    version "4.0.3"
    resolved "https://registry.yarnpkg.com/lodash.tonumber/-/lodash.tonumber-4.0.3.tgz#0b96b31b35672793eb7f5a63ee791f1b9e9025d9"
    integrity sha1-C5azGzVnJ5Prf1pj7nkfG56QJdk=
  
  mime@^2.3.1:
    version "2.5.0"
    resolved "https://registry.yarnpkg.com/mime/-/mime-2.5.0.tgz#2b4af934401779806ee98026bb42e8c1ae1876b1"
    integrity sha512-ft3WayFSFUVBuJj7BMLKAQcSlItKtfjsKDDsii3rqFDAZ7t11zRe8ASw/GlmivGwVUYtwkQrxiGGpL6gFvB0ag==
  
  mri@^1.1.0:
    version "1.1.6"
    resolved "https://registry.yarnpkg.com/mri/-/mri-1.1.6.tgz#49952e1044db21dbf90f6cd92bc9c9a777d415a6"
    integrity sha512-oi1b3MfbyGa7FJMP9GmLTttni5JoICpYBRlq+x5V16fZbLsnL9N3wFqqIm/nIG43FjUFkFh9Epzp/kzUGUnJxQ==
  
  sade@^1.4.0:
    version "1.7.4"
    resolved "https://registry.yarnpkg.com/sade/-/sade-1.7.4.tgz#ea681e0c65d248d2095c90578c03ca0bb1b54691"
    integrity sha512-y5yauMD93rX840MwUJr7C1ysLFBgMspsdTo4UVrDg3fXDvtwOyIqykhVAAm6fk/3au77773itJStObgK+LKaiA==
    dependencies:
      mri "^1.1.0"
  
  sirv-cli@^0.4.4:
    version "0.4.6"
    resolved "https://registry.yarnpkg.com/sirv-cli/-/sirv-cli-0.4.6.tgz#c28ab20deb3b34637f5a60863dc350f055abca04"
    integrity sha512-/Vj85/kBvPL+n9ibgX6FicLE8VjidC1BhlX67PYPBfbBAphzR6i0k0HtU5c2arejfU3uzq8l3SYPCwl1x7z6Ww==
    dependencies:
      console-clear "^1.1.0"
      get-port "^3.2.0"
      kleur "^3.0.0"
      local-access "^1.0.1"
      sade "^1.4.0"
      sirv "^0.4.6"
      tinydate "^1.0.0"
  
  sirv@^0.4.6:
    version "0.4.6"
    resolved "https://registry.yarnpkg.com/sirv/-/sirv-0.4.6.tgz#185e44eb93d24009dd183b7494285c5180b81f22"
    integrity sha512-rYpOXlNbpHiY4nVXxuDf4mXPvKz1reZGap/LkWp9TvcZ84qD/nPBjjH/6GZsgIjVMbOslnY8YYULAyP8jMn1GQ==
    dependencies:
      "@polka/url" "^0.5.0"
      mime "^2.3.1"
  
  svelte@^3.0.0:
    version "3.32.1"
    resolved "https://registry.yarnpkg.com/svelte/-/svelte-3.32.1.tgz#c4b6e35517d0ed77e652cc8964ef660afa2f70f3"
    integrity sha512-j1KmD2ZOU0RGq1/STDXjwfh0/eJ/Deh2NXyuz1bpR9eOcz9yImn4CGxXdbSAN7cMTm9a7IyPUIbuBCzu/pXK0g==
  
  sveltestrap-paginate@hazg/sveltestrap-paginate:
    version "0.0.1"
    resolved "https://codeload.github.com/hazg/sveltestrap-paginate/tar.gz/51f1d7a59faa2feebc79bce0349295d4cf12982c"
    dependencies:
      sirv-cli "^0.4.4"
  
  sveltestrap@^3.13.0:
    version "3.13.0"
    resolved "https://registry.yarnpkg.com/sveltestrap/-/sveltestrap-3.13.0.tgz#8686430190939ca880043ac434a047676673ca47"
    integrity sha512-SRktDio6C/PoLK6Yc/2kSCT18CPI/6bedM17vyaRzoRJf5hdWCm6LOGM5q9aP4TK6soOTYDYkS5PMhCXxGah+Q==
    dependencies:
      "@popperjs/core" "^2.6.0"
      lodash.isobject "^3.0.2"
      lodash.tonumber "^4.0.3"
  
  tinydate@^1.0.0:
    version "1.3.0"
    resolved "https://registry.yarnpkg.com/tinydate/-/tinydate-1.3.0.tgz#e6ca8e5a22b51bb4ea1c3a2a4fd1352dbd4c57fb"
    integrity sha512-7cR8rLy2QhYHpsBDBVYnnWXm8uRTr38RoZakFSW7Bs7PzfMPNZthuMLkwqZv7MTu8lhQ91cOFYS5a7iFj2oR3w==
